# JRE version: OpenJDK Runtime Environment (11.0.10) (build 11.0.10+0-b96-7249189)
# Java VM: OpenJDK 64-Bit Server VM (11.0.10+0-b96-7249189, mixed mode, tiered, compressed oops, g1 gc, windows-amd64)
Heap:
 garbage-first heap   total 524288K, used 62031K [0x0000000601000000, 0x0000000800000000)
  region size 2048K, 9 young (18432K), 3 survivors (6144K)
 Metaspace       used 60112K, capacity 60695K, committed 60888K, reserved 1107968K
  class space    used 6816K, capacity 7051K, committed 7168K, reserved 1048576K
GC Heap History (10 events):
Event: 0.378 GC heap before
{Heap before GC invocations=0 (full 0):
 garbage-first heap   total 524288K, used 26624K [0x0000000601000000, 0x0000000800000000)
  region size 2048K, 12 young (24576K), 0 survivors (0K)
 Metaspace       used 12074K, capacity 12149K, committed 12288K, reserved 1060864K
  class space    used 1133K, capacity 1174K, committed 1280K, reserved 1048576K
}
Event: 0.380 GC heap after
{Heap after GC invocations=1 (full 0):
 garbage-first heap   total 524288K, used 6635K [0x0000000601000000, 0x0000000800000000)
  region size 2048K, 2 young (4096K), 2 survivors (4096K)
 Metaspace       used 12074K, capacity 12149K, committed 12288K, reserved 1060864K
  class space    used 1133K, capacity 1174K, committed 1280K, reserved 1048576K
}
Event: 0.854 GC heap before
{Heap before GC invocations=1 (full 0):
 garbage-first heap   total 524288K, used 43499K [0x0000000601000000, 0x0000000800000000)
  region size 2048K, 21 young (43008K), 2 survivors (4096K)
 Metaspace       used 20962K, capacity 21148K, committed 21248K, reserved 1069056K
  class space    used 2215K, capacity 2278K, committed 2304K, reserved 1048576K
}
Event: 0.861 GC heap after
{Heap after GC invocations=2 (full 0):
 garbage-first heap   total 524288K, used 10561K [0x0000000601000000, 0x0000000800000000)
  region size 2048K, 4 young (8192K), 4 survivors (8192K)
 Metaspace       used 20962K, capacity 21148K, committed 21248K, reserved 1069056K
  class space    used 2215K, capacity 2278K, committed 2304K, reserved 1048576K
}
Event: 1.682 GC heap before
{Heap before GC invocations=3 (full 0):
 garbage-first heap   total 524288K, used 88385K [0x0000000601000000, 0x0000000800000000)
  region size 2048K, 36 young (73728K), 4 survivors (8192K)
 Metaspace       used 35072K, capacity 35446K, committed 35584K, reserved 1081344K
  class space    used 4328K, capacity 4501K, committed 4608K, reserved 1048576K
}
Event: 1.696 GC heap after
{Heap after GC invocations=4 (full 0):
 garbage-first heap   total 524288K, used 27383K [0x0000000601000000, 0x0000000800000000)
  region size 2048K, 5 young (10240K), 5 survivors (10240K)
 Metaspace       used 35072K, capacity 35446K, committed 35584K, reserved 1081344K
  class space    used 4328K, capacity 4501K, committed 4608K, reserved 1048576K
}
Event: 3.025 GC heap before
{Heap before GC invocations=5 (full 0):
 garbage-first heap   total 524288K, used 150263K [0x0000000601000000, 0x0000000800000000)
  region size 2048K, 65 young (133120K), 5 survivors (10240K)
 Metaspace       used 49286K, capacity 49769K, committed 49920K, reserved 1093632K
  class space    used 5672K, capacity 5837K, committed 5888K, reserved 1048576K
}
Event: 3.048 GC heap after
{Heap after GC invocations=6 (full 0):
 garbage-first heap   total 524288K, used 41481K [0x0000000601000000, 0x0000000800000000)
  region size 2048K, 9 young (18432K), 9 survivors (18432K)
 Metaspace       used 49286K, capacity 49769K, committed 49920K, reserved 1093632K
  class space    used 5672K, capacity 5837K, committed 5888K, reserved 1048576K
}
Event: 3.803 GC heap before
{Heap before GC invocations=6 (full 0):
 garbage-first heap   total 524288K, used 104969K [0x0000000601000000, 0x0000000800000000)
  region size 2048K, 41 young (83968K), 9 survivors (18432K)
 Metaspace       used 59074K, capacity 59575K, committed 59736K, reserved 1101824K
  class space    used 6745K, capacity 6955K, committed 7040K, reserved 1048576K
}
Event: 3.836 GC heap after
{Heap after GC invocations=7 (full 0):
 garbage-first heap   total 524288K, used 49743K [0x0000000601000000, 0x0000000800000000)
  region size 2048K, 4 young (8192K), 4 survivors (8192K)
 Metaspace       used 59074K, capacity 59575K, committed 59736K, reserved 1101824K
  class space    used 6745K, capacity 6955K, committed 7040K, reserved 1048576K
}

